c:\users\root\source\repos\kmdfdriver1\kmdfdriver1\x64\debug\vc143.pdb
c:\users\root\source\repos\kmdfdriver1\kmdfdriver1\x64\debug\driver.obj
c:\users\root\source\repos\kmdfdriver1\x64\debug\kmdfdriver1\kmdfdriver1.cat
c:\users\root\source\repos\kmdfdriver1\x64\debug\kmdfdriver1.sys
c:\users\root\source\repos\kmdfdriver1\x64\debug\kmdfdriver1.pdb
c:\users\root\source\repos\kmdfdriver1\kmdfdriver1\x64\debug\kmdfdriver1.inf
c:\users\root\source\repos\kmdfdriver1\x64\debug\kmdfdriver1.cer
c:\users\root\source\repos\kmdfdriver1\x64\debug\kmdfdriver1.inf
c:\users\root\source\repos\kmdfdriver1\kmdfdriver1\x64\debug\kmdfdriver1.tlog\cl.command.1.tlog
c:\users\root\source\repos\kmdfdriver1\kmdfdriver1\x64\debug\kmdfdriver1.tlog\cl.read.1.tlog
c:\users\root\source\repos\kmdfdriver1\kmdfdriver1\x64\debug\kmdfdriver1.tlog\cl.write.1.tlog
c:\users\root\source\repos\kmdfdriver1\kmdfdriver1\x64\debug\kmdfdriver1.tlog\inf2cat-expand.10828.read.1.tlog
c:\users\root\source\repos\kmdfdriver1\kmdfdriver1\x64\debug\kmdfdriver1.tlog\inf2cat-expand.10828.write.1.tlog
c:\users\root\source\repos\kmdfdriver1\kmdfdriver1\x64\debug\kmdfdriver1.tlog\inf2cat-expand.11284.read.1.tlog
c:\users\root\source\repos\kmdfdriver1\kmdfdriver1\x64\debug\kmdfdriver1.tlog\inf2cat-expand.11284.write.1.tlog
c:\users\root\source\repos\kmdfdriver1\kmdfdriver1\x64\debug\kmdfdriver1.tlog\inf2cat-expand.12248.read.1.tlog
c:\users\root\source\repos\kmdfdriver1\kmdfdriver1\x64\debug\kmdfdriver1.tlog\inf2cat-expand.12248.write.1.tlog
c:\users\root\source\repos\kmdfdriver1\kmdfdriver1\x64\debug\kmdfdriver1.tlog\inf2cat-expand.12416.read.1.tlog
c:\users\root\source\repos\kmdfdriver1\kmdfdriver1\x64\debug\kmdfdriver1.tlog\inf2cat-expand.12416.write.1.tlog
c:\users\root\source\repos\kmdfdriver1\kmdfdriver1\x64\debug\kmdfdriver1.tlog\inf2cat-expand.15400.read.1.tlog
c:\users\root\source\repos\kmdfdriver1\kmdfdriver1\x64\debug\kmdfdriver1.tlog\inf2cat-expand.15400.write.1.tlog
c:\users\root\source\repos\kmdfdriver1\kmdfdriver1\x64\debug\kmdfdriver1.tlog\inf2cat-expand.16216.read.1.tlog
c:\users\root\source\repos\kmdfdriver1\kmdfdriver1\x64\debug\kmdfdriver1.tlog\inf2cat-expand.16216.write.1.tlog
c:\users\root\source\repos\kmdfdriver1\kmdfdriver1\x64\debug\kmdfdriver1.tlog\inf2cat-expand.7900.read.1.tlog
c:\users\root\source\repos\kmdfdriver1\kmdfdriver1\x64\debug\kmdfdriver1.tlog\inf2cat-expand.7900.write.1.tlog
c:\users\root\source\repos\kmdfdriver1\kmdfdriver1\x64\debug\kmdfdriver1.tlog\inf2cat-expand.read.1.tlog
c:\users\root\source\repos\kmdfdriver1\kmdfdriver1\x64\debug\kmdfdriver1.tlog\inf2cat-expand.write.1.tlog
c:\users\root\source\repos\kmdfdriver1\kmdfdriver1\x64\debug\kmdfdriver1.tlog\inf2cat.command.1.tlog
c:\users\root\source\repos\kmdfdriver1\kmdfdriver1\x64\debug\kmdfdriver1.tlog\inf2cat.read.1.tlog
c:\users\root\source\repos\kmdfdriver1\kmdfdriver1\x64\debug\kmdfdriver1.tlog\inf2cat.read.8.tlog
c:\users\root\source\repos\kmdfdriver1\kmdfdriver1\x64\debug\kmdfdriver1.tlog\inf2cat.write.1.tlog
c:\users\root\source\repos\kmdfdriver1\kmdfdriver1\x64\debug\kmdfdriver1.tlog\inf2cat.write.8.tlog
c:\users\root\source\repos\kmdfdriver1\kmdfdriver1\x64\debug\kmdfdriver1.tlog\link.command.1.tlog
c:\users\root\source\repos\kmdfdriver1\kmdfdriver1\x64\debug\kmdfdriver1.tlog\link.read.1.tlog
c:\users\root\source\repos\kmdfdriver1\kmdfdriver1\x64\debug\kmdfdriver1.tlog\link.write.1.tlog
c:\users\root\source\repos\kmdfdriver1\kmdfdriver1\x64\debug\kmdfdriver1.tlog\signtool.command.1.tlog
c:\users\root\source\repos\kmdfdriver1\kmdfdriver1\x64\debug\kmdfdriver1.tlog\signtool.read.1.tlog
c:\users\root\source\repos\kmdfdriver1\kmdfdriver1\x64\debug\kmdfdriver1.tlog\signtool.timestamp.1.tlog
c:\users\root\source\repos\kmdfdriver1\kmdfdriver1\x64\debug\kmdfdriver1.tlog\signtool.write.1.tlog
c:\users\root\source\repos\kmdfdriver1\kmdfdriver1\x64\debug\kmdfdriver1.tlog\stampinf.command.1.tlog
c:\users\root\source\repos\kmdfdriver1\kmdfdriver1\x64\debug\kmdfdriver1.tlog\stampinf.read.1.tlog
c:\users\root\source\repos\kmdfdriver1\kmdfdriver1\x64\debug\kmdfdriver1.tlog\stampinf.write.1.tlog
